Der Buildvorgang wurde am 04.01.2014 23:08:40 gestartet.
     1>Projekt "C:\Luther\VS2010\LutherDetector.vcxproj" auf Knoten "2", build Ziel(e).
     1>InitializeBuildStatus:
         "Debug\LutherDetector.unsuccessfulbuild" wird erstellt, da "AlwaysCreate" angegeben wurde.
       ClCompile:
         Alle Ausgaben sind aktuell.
       ResourceCompile:
         C:\Program Files (x86)\Microsoft SDKs\Windows\v7.0A\bin\rc.exe /D _UNICODE /D UNICODE /l"0x0409" /nologo /fo"Debug\LutherDetector.res" LutherDetector.rc 
       ManifestResourceCompile:
         C:\Program Files (x86)\Microsoft SDKs\Windows\v7.0A\bin\rc.exe /nologo /fo"Debug\LutherDetector.exe.embed.manifest.res" Debug\LutherDetector_manifest.rc 
       Link:
         C:\Program Files (x86)\Microsoft Visual Studio 10.0\VC\bin\link.exe /ERRORREPORT:PROMPT /OUT:"C:\Luther\VS2010\Debug\LutherDetector.exe" /INCREMENTAL /NOLOGO /LIBPATH:C:\opencv\build\x86\vc10\lib /LIBPATH:C:\src\oscpack_1_1_0\Debug opencv_core248d.lib opencv_highgui248d.lib opencv_imgproc248d.lib opencv_features2d248d.lib opencv_calib3d248d.lib opencv_video248d.lib opencv_objdetect248d.lib kernel32.lib user32.lib gdi32.lib winspool.lib shell32.lib ole32.lib oleaut32.lib uuid.lib comdlg32.lib advapi32.lib oscpack.lib Ws2_32.lib winmm.lib kernel32.lib user32.lib gdi32.lib winspool.lib comdlg32.lib advapi32.lib shell32.lib ole32.lib oleaut32.lib uuid.lib odbc32.lib odbccp32.lib /MANIFEST /ManifestFile:"Debug\LutherDetector.exe.intermediate.manifest" /MANIFESTUAC:"level='asInvoker' uiAccess='false'" /DEBUG /PDB:"C:\Luther\VS2010\Debug\LutherDetector.pdb" /SUBSYSTEM:CONSOLE /TLBID:1 /DYNAMICBASE /NXCOMPAT /IMPLIB:"C:\Luther\VS2010\Debug\LutherDetector.lib" /MACHINE:X86 Debug\LutherDetector.res
         Debug\LutherDetector.exe.embed.manifest.res
         Debug\face.obj
         Debug\facedetector.obj
         Debug\main.obj
       Manifest:
         C:\Program Files (x86)\Microsoft SDKs\Windows\v7.0A\bin\mt.exe /nologo /verbose /out:"Debug\LutherDetector.exe.embed.manifest" /manifest Debug\LutherDetector.exe.intermediate.manifest
         Alle Ausgaben sind aktuell.
       LinkEmbedManifest:
         Alle Ausgaben sind aktuell.
         LutherDetector.vcxproj -> C:\Luther\VS2010\Debug\LutherDetector.exe
       FinalizeBuildStatus:
         Die Datei "Debug\LutherDetector.unsuccessfulbuild" wird gelöscht.
         Aktualisieren des Timestamps von "Debug\LutherDetector.lastbuildstate".
     1>Die Erstellung des Projekts "C:\Luther\VS2010\LutherDetector.vcxproj" ist abgeschlossen, build Ziel(e).

Das Erstellen war erfolgreich.

Verstrichene Zeit 00:00:00.40
